<?xml version="1.0" encoding="UTF-8"?>
<testsuite name="com.payments.gateway.services.PaymentServiceTest" tests="2" skipped="0" failures="0" errors="0" timestamp="2025-05-03T19:01:23.390Z" hostname="Luccas-MacBook-Air.local" time="0.015">
  <properties/>
  <testcase name="shouldProcessPayment()" classname="com.payments.gateway.services.PaymentServiceTest" time="0.013"/>
  <testcase name="processDoesNotSendMessageWhenKafkaTemplateFails()" classname="com.payments.gateway.services.PaymentServiceTest" time="0.001"/>
  <system-out><![CDATA[]]></system-out>
  <system-err><![CDATA[]]></system-err>
</testsuite>
