<?xml version="1.0" encoding="UTF-8"?>
<testsuite name="com.payments.gateway.validators.PaymentRequestValidatorTest" tests="6" skipped="0" failures="0" errors="0" timestamp="2025-05-03T19:01:23.427Z" hostname="Luccas-MacBook-Air.local" time="0.002">
  <properties/>
  <testcase name="shouldThrowExceptionWhenPaymentMethodIsEmpty()" classname="com.payments.gateway.validators.PaymentRequestValidatorTest" time="0.001"/>
  <testcase name="shouldThrowExceptionWhenCurrencyIsEmpty()" classname="com.payments.gateway.validators.PaymentRequestValidatorTest" time="0.0"/>
  <testcase name="shouldThrowExceptionWhenRequestIsNull()" classname="com.payments.gateway.validators.PaymentRequestValidatorTest" time="0.0"/>
  <testcase name="shouldThrowExceptionWhenAmountIsLessThanOrEqualToZero()" classname="com.payments.gateway.validators.PaymentRequestValidatorTest" time="0.0"/>
  <testcase name="shouldNotThrowExceptionWhenRequestIsValid()" classname="com.payments.gateway.validators.PaymentRequestValidatorTest" time="0.0"/>
  <testcase name="shouldThrowExceptionWhenCustomerIdIsEmpty()" classname="com.payments.gateway.validators.PaymentRequestValidatorTest" time="0.0"/>
  <system-out><![CDATA[]]></system-out>
  <system-err><![CDATA[]]></system-err>
</testsuite>
