<?xml version="1.0" encoding="UTF-8"?>
<testsuite name="com.payments.gateway.GatewayApplicationTests" tests="1" skipped="0" failures="0" errors="0" timestamp="2025-05-03T19:01:21.796Z" hostname="Luccas-MacBook-Air.local" time="0.485">
  <properties/>
  <testcase name="contextLoads()" classname="com.payments.gateway.GatewayApplicationTests" time="0.485"/>
  <system-out><![CDATA[16:01:20.704 [Test worker] INFO org.springframework.test.context.support.AnnotationConfigContextLoaderUtils -- Could not detect default configuration classes for test class [com.payments.gateway.GatewayApplicationTests]: GatewayApplicationTests does not declare any static, non-private, non-final, nested classes annotated with @Configuration.
16:01:20.754 [Test worker] INFO org.springframework.boot.test.context.SpringBootTestContextBootstrapper -- Found @SpringBootConfiguration com.payments.gateway.GatewayApplication for test class com.payments.gateway.GatewayApplicationTests

  .   ____          _            __ _ _
 /\\ / ___'_ __ _ _(_)_ __  __ _ \ \ \ \
( ( )\___ | '_ | '_| | '_ \/ _` | \ \ \ \
 \\/  ___)| |_)| | | | | || (_| |  ) ) ) )
  '  |____| .__|_| |_|_| |_\__, | / / / /
 =========|_|==============|___/=/_/_/_/

 :: Spring Boot ::                (v3.4.5)

2025-05-03T16:01:20.920-03:00  INFO 3534 --- [gateway] [    Test worker] c.p.gateway.GatewayApplicationTests      : Starting GatewayApplicationTests using Java 17.0.15 with PID 3534 (started by haddad in /Users/haddad/IdeaProjects/payment-processing-system/gateway)
2025-05-03T16:01:20.921-03:00 DEBUG 3534 --- [gateway] [    Test worker] c.p.gateway.GatewayApplicationTests      : Running with Spring Boot v3.4.5, Spring v6.2.6
2025-05-03T16:01:20.921-03:00  INFO 3534 --- [gateway] [    Test worker] c.p.gateway.GatewayApplicationTests      : No active profile set, falling back to 1 default profile: "default"
2025-05-03T16:01:21.728-03:00  INFO 3534 --- [gateway] [    Test worker] o.s.b.a.e.web.EndpointLinksResolver      : Exposing 3 endpoints beneath base path '/actuator'
2025-05-03T16:01:21.765-03:00  INFO 3534 --- [gateway] [    Test worker] c.p.gateway.GatewayApplicationTests      : Started GatewayApplicationTests in 0.955 seconds (process running for 1.472)
]]></system-out>
  <system-err><![CDATA[]]></system-err>
</testsuite>
