<?xml version="1.0" encoding="UTF-8"?>
<testsuite name="com.payments.gateway.controllers.RefundControllerTest" tests="2" skipped="0" failures="0" errors="0" timestamp="2025-05-03T19:01:23.250Z" hostname="Luccas-MacBook-Air.local" time="0.015">
  <properties/>
  <testcase name="shouldReturnBadRequestWhenRefundRequestIsNull()" classname="com.payments.gateway.controllers.RefundControllerTest" time="0.007"/>
  <testcase name="shouldReturnRefundResponse()" classname="com.payments.gateway.controllers.RefundControllerTest" time="0.008"/>
  <system-out><![CDATA[2025-05-03T16:01:23.084-03:00  INFO 3534 --- [gateway] [    Test worker] t.c.s.AnnotationConfigContextLoaderUtils : Could not detect default configuration classes for test class [com.payments.gateway.controllers.RefundControllerTest]: RefundControllerTest does not declare any static, non-private, non-final, nested classes annotated with @Configuration.
2025-05-03T16:01:23.090-03:00  INFO 3534 --- [gateway] [    Test worker] .b.t.c.SpringBootTestContextBootstrapper : Found @SpringBootConfiguration com.payments.gateway.GatewayApplication for test class com.payments.gateway.controllers.RefundControllerTest

  .   ____          _            __ _ _
 /\\ / ___'_ __ _ _(_)_ __  __ _ \ \ \ \
( ( )\___ | '_ | '_| | '_ \/ _` | \ \ \ \
 \\/  ___)| |_)| | | | | || (_| |  ) ) ) )
  '  |____| .__|_| |_|_| |_\__, | / / / /
 =========|_|==============|___/=/_/_/_/

 :: Spring Boot ::                (v3.4.5)

2025-05-03T16:01:23.107-03:00  INFO 3534 --- [gateway] [    Test worker] c.p.g.controllers.RefundControllerTest   : Starting RefundControllerTest using Java 17.0.15 with PID 3534 (started by haddad in /Users/haddad/IdeaProjects/payment-processing-system/gateway)
2025-05-03T16:01:23.107-03:00 DEBUG 3534 --- [gateway] [    Test worker] c.p.g.controllers.RefundControllerTest   : Running with Spring Boot v3.4.5, Spring v6.2.6
2025-05-03T16:01:23.107-03:00  INFO 3534 --- [gateway] [    Test worker] c.p.g.controllers.RefundControllerTest   : No active profile set, falling back to 1 default profile: "default"
2025-05-03T16:01:23.244-03:00  INFO 3534 --- [gateway] [    Test worker] o.s.b.t.m.w.SpringBootMockServletContext : Initializing Spring TestDispatcherServlet ''
2025-05-03T16:01:23.244-03:00  INFO 3534 --- [gateway] [    Test worker] o.s.t.web.servlet.TestDispatcherServlet  : Initializing Servlet ''
2025-05-03T16:01:23.244-03:00  INFO 3534 --- [gateway] [    Test worker] o.s.t.web.servlet.TestDispatcherServlet  : Completed initialization in 0 ms
2025-05-03T16:01:23.249-03:00  INFO 3534 --- [gateway] [    Test worker] c.p.g.controllers.RefundControllerTest   : Started RefundControllerTest in 0.157 seconds (process running for 2.956)
]]></system-out>
  <system-err><![CDATA[]]></system-err>
</testsuite>
