<?xml version="1.0" encoding="UTF-8"?>
<testsuite name="com.payments.gateway.services.RefundServiceTest" tests="2" skipped="0" failures="0" errors="0" timestamp="2025-05-03T19:01:23.406Z" hostname="Luccas-MacBook-Air.local" time="0.019">
  <properties/>
  <testcase name="processDoesNotSendMessageWhenKafkaTemplateFails()" classname="com.payments.gateway.services.RefundServiceTest" time="0.017"/>
  <testcase name="processReturnsPendingStatusWhenRequestIsValid()" classname="com.payments.gateway.services.RefundServiceTest" time="0.001"/>
  <system-out><![CDATA[]]></system-out>
  <system-err><![CDATA[]]></system-err>
</testsuite>
